<?xml version="1.0" encoding="UTF-8"?>
<!-- Generated by org.testng.reporters.JUnitReportReporter -->
<testsuite hostname="DESKTOP-A4C6232" failures="0" tests="1" name="LoginPage" time="7.387" errors="0" timestamp="2024-09-27T16:23:16 IST" skipped="0">
  <testcase classname="LoginPage" name="testLogin" time="7.387"/>
  <system-out/>
</testsuite> <!-- LoginPage -->
