<?xml version="1.0" encoding="UTF-8"?>
<!-- Generated by org.testng.reporters.JUnitReportReporter -->
<testsuite hostname="DESKTOP-A4C6232" failures="0" tests="5" name="SauceDemobyID" time="53.115" errors="0" timestamp="2024-09-30T14:01:18 IST" skipped="0">
  <testcase classname="SauceDemobyID" name="verifyPrice" time="20.356"/>
  <system-out/>
  <testcase classname="SauceDemobyID" name="testPartialText" time="4.676"/>
  <system-out/>
  <testcase classname="SauceDemobyID" name="testtwoTexts" time="14.804"/>
  <system-out/>
  <testcase classname="SauceDemobyID" name="printSixItems" time="10.267"/>
  <system-out/>
  <testcase classname="SauceDemobyID" name="testLogin" time="3.012"/>
  <system-out/>
</testsuite> <!-- SauceDemobyID -->
