<?xml version="1.0" encoding="UTF-8"?>
<!-- Generated by org.testng.reporters.JUnitReportReporter -->
<testsuite hostname="DESKTOP-A4C6232" failures="0" tests="1" name="SauceDemobyTc7to24" time="10.494" errors="0" timestamp="2024-09-30T14:06:23 IST" skipped="0">
  <testcase classname="SauceDemobyTc7to24" name="verifyPrice" time="10.494"/>
  <system-out/>
</testsuite> <!-- SauceDemobyTc7to24 -->
