<?xml version="1.0" encoding="UTF-8"?>
<!-- Generated by org.testng.reporters.JUnitReportReporter -->
<testsuite hostname="DESKTOP-A4C6232" failures="0" tests="1" name="SauceDemobyXpathTestCase6to24" time="12.424" errors="0" timestamp="2024-09-30T14:56:07 IST" skipped="0">
  <testcase classname="SauceDemobyXpathTestCase6to24" name="verifyPrice" time="12.424"/>
  <system-out/>
</testsuite> <!-- SauceDemobyXpathTestCase6to24 -->
